<?xml version="1.0" encoding="UTF-8"?>
<!-- Generated by org.testng.reporters.JUnitXMLReporter -->
<testsuite ignored="0" hostname="JAM-T-47" failures="2" tests="2" name="Surefire test" time="0.649" errors="0" timestamp="2025-11-25T16:39:03 IST">
  <testcase classname="io.cucumber.testng.AbstractTestNGCucumberTests" name="runScenario" time="0.085">
    <failure type="io.cucumber.java.PendingException" message="TODO: implement me">
      <![CDATA[io.cucumber.java.PendingException: TODO: implement me
at stepDefinitions.FolderManage.the_user_is_on_the_page(FolderManage.java:9)
at ✽.the user is on the "Learning Folders" page(file:///C:/Users/moham/eclipse-workspace/BDD-Framework/features/FolderManagement.feature:4)
]]>
    </failure>
  </testcase> <!-- runScenario -->
  <testcase classname="io.cucumber.testng.AbstractTestNGCucumberTests" name="runScenario" time="0.027">
    <failure type="io.cucumber.java.PendingException" message="TODO: implement me">
      <![CDATA[io.cucumber.java.PendingException: TODO: implement me
at stepDefinitions.FolderManage.the_folder_exists(FolderManage.java:27)
at ✽.the folder "Java Basics" exists(file:///C:/Users/moham/eclipse-workspace/BDD-Framework/features/FolderManagement.feature:9)
]]>
    </failure>
  </testcase> <!-- runScenario -->
</testsuite> <!-- Surefire test -->
