<?xml version="1.0" encoding="UTF-8"?>
<!-- Generated by org.testng.reporters.JUnitReportReporter -->
<testsuite hostname="JAM-T-47" failures="0" tests="2" name="runners.TestRunner" time="0.112" errors="2" timestamp="2025-11-25T16:39:03 IST" skipped="0">
  <testcase classname="runners.TestRunner" name="runScenario" time="0.085">
    <error message="TODO: implement me" type="io.cucumber.java.PendingException">
      <![CDATA[io.cucumber.java.PendingException: TODO: implement me
at stepDefinitions.FolderManage.the_user_is_on_the_page(FolderManage.java:9)
at ✽.the user is on the "Learning Folders" page(file:///C:/Users/moham/eclipse-workspace/BDD-Framework/features/FolderManagement.feature:4)
]]>
    </error>
  </testcase> <!-- runScenario -->
  <testcase classname="runners.TestRunner" name="runScenario" time="0.027">
    <error message="TODO: implement me" type="io.cucumber.java.PendingException">
      <![CDATA[io.cucumber.java.PendingException: TODO: implement me
at stepDefinitions.FolderManage.the_folder_exists(FolderManage.java:27)
at ✽.the folder "Java Basics" exists(file:///C:/Users/moham/eclipse-workspace/BDD-Framework/features/FolderManagement.feature:9)
]]>
    </error>
  </testcase> <!-- runScenario -->
</testsuite> <!-- runners.TestRunner -->
